Flow report for rs
Fri Oct 18 01:14:59 2024
Quartus Prime Version 23.1std.1 Build 993 05/14/2024 SC Lite Edition


---------------------
; Table of Contents ;
---------------------
  1. Legal Notice
  2. Flow Summary
  3. Flow Settings
  4. Flow Non-Default Global Settings
  5. Flow Elapsed Time
  6. Flow OS Summary
  7. Flow Log
  8. Flow Messages
  9. Flow Suppressed Messages



----------------
; Legal Notice ;
----------------
Copyright (C) 2024  Intel Corporation. All rights reserved.
Your use of Intel Corporation's design tools, logic functions 
and other software and tools, and any partner logic 
functions, and any output files from any of the foregoing 
(including device programming or simulation files), and any 
associated documentation or information are expressly subject 
to the terms and conditions of the Intel Program License 
Subscription Agreement, the Intel Quartus Prime License Agreement,
the Intel FPGA IP License Agreement, or other applicable license
agreement, including, without limitation, that your use is for
the sole purpose of programming logic devices manufactured by
Intel and sold by Intel or its authorized distributors.  Please
refer to the applicable agreement for further details, at
https://fpgasoftware.intel.com/eula.



+------------------------------------------------------------------------+
; Flow Summary                                                           ;
+-----------------------+------------------------------------------------+
; Flow Status           ; Successful - Fri Oct 18 01:14:59 2024          ;
; Quartus Prime Version ; 23.1std.1 Build 993 05/14/2024 SC Lite Edition ;
; Revision Name         ; rs                                             ;
; Top-level Entity Name ; d_trigger_pov                                  ;
; Family                ; MAX II                                         ;
; Total logic elements  ; 1 / 240 ( < 1 % )                              ;
; Total pins            ; 3 / 80 ( 4 % )                                 ;
; Total virtual pins    ; 0                                              ;
; UFM blocks            ; 0 / 1 ( 0 % )                                  ;
; Device                ; EPM240T100C3                                   ;
; Timing Models         ; Final                                          ;
+-----------------------+------------------------------------------------+


+-----------------------------------------+
; Flow Settings                           ;
+-------------------+---------------------+
; Option            ; Setting             ;
+-------------------+---------------------+
; Start date & time ; 10/18/2024 01:12:13 ;
; Main task         ; Compilation         ;
; Revision Name     ; rs                  ;
+-------------------+---------------------+


+------------------------------------------------------------------------------------------------------------------------------------+
; Flow Non-Default Global Settings                                                                                                   ;
+---------------------------------+--------------------------------+---------------+-------------+-----------------------------------+
; Assignment Name                 ; Value                          ; Default Value ; Entity Name ; Section Id                        ;
+---------------------------------+--------------------------------+---------------+-------------+-----------------------------------+
; COMPILER_SIGNATURE_ID           ; 10995770589205.172920313315500 ; --            ; --          ; --                                ;
; EDA_GENERATE_FUNCTIONAL_NETLIST ; Off                            ; --            ; --          ; eda_board_design_timing           ;
; EDA_GENERATE_FUNCTIONAL_NETLIST ; Off                            ; --            ; --          ; eda_board_design_boundary_scan    ;
; EDA_GENERATE_FUNCTIONAL_NETLIST ; Off                            ; --            ; --          ; eda_board_design_signal_integrity ;
; EDA_GENERATE_FUNCTIONAL_NETLIST ; Off                            ; --            ; --          ; eda_board_design_symbol           ;
; EDA_OUTPUT_DATA_FORMAT          ; Vhdl                           ; --            ; --          ; eda_simulation                    ;
; EDA_SIMULATION_TOOL             ; Questa Intel FPGA (VHDL)       ; <None>        ; --          ; --                                ;
; EDA_TIME_SCALE                  ; 1 ps                           ; --            ; --          ; eda_simulation                    ;
; PROJECT_OUTPUT_DIRECTORY        ; output_files                   ; --            ; --          ; --                                ;
; TOP_LEVEL_ENTITY                ; d_trigger_pov                  ; rs            ; --          ; --                                ;
+---------------------------------+--------------------------------+---------------+-------------+-----------------------------------+


+--------------------------------------------------------------------------------------------------------------------------+
; Flow Elapsed Time                                                                                                        ;
+----------------------+--------------+-------------------------+---------------------+------------------------------------+
; Module Name          ; Elapsed Time ; Average Processors Used ; Peak Virtual Memory ; Total CPU Time (on all processors) ;
+----------------------+--------------+-------------------------+---------------------+------------------------------------+
; Analysis & Synthesis ; 00:00:12     ; 1.0                     ; 4769 MB             ; 00:00:21                           ;
; Fitter               ; 00:00:01     ; 1.0                     ; 6136 MB             ; 00:00:01                           ;
; Assembler            ; 00:00:01     ; 1.0                     ; 4660 MB             ; 00:00:01                           ;
; Timing Analyzer      ; 00:00:01     ; 1.0                     ; 4671 MB             ; 00:00:01                           ;
; EDA Netlist Writer   ; 00:00:01     ; 1.0                     ; 4623 MB             ; 00:00:00                           ;
; EDA Netlist Writer   ; 00:00:00     ; 1.0                     ; 4619 MB             ; 00:00:01                           ;
; EDA Netlist Writer   ; 00:00:00     ; 1.0                     ; 4620 MB             ; 00:00:00                           ;
; Total                ; 00:00:16     ; --                      ; --                  ; 00:00:25                           ;
+----------------------+--------------+-------------------------+---------------------+------------------------------------+


+------------------------------------------------------------------------------------+
; Flow OS Summary                                                                    ;
+----------------------+------------------+------------+------------+----------------+
; Module Name          ; Machine Hostname ; OS Name    ; OS Version ; Processor type ;
+----------------------+------------------+------------+------------+----------------+
; Analysis & Synthesis ; ALEX-LAPTOP      ; Windows 10 ; 10.0       ; x86_64         ;
; Fitter               ; ALEX-LAPTOP      ; Windows 10 ; 10.0       ; x86_64         ;
; Assembler            ; ALEX-LAPTOP      ; Windows 10 ; 10.0       ; x86_64         ;
; Timing Analyzer      ; ALEX-LAPTOP      ; Windows 10 ; 10.0       ; x86_64         ;
; EDA Netlist Writer   ; ALEX-LAPTOP      ; Windows 10 ; 10.0       ; x86_64         ;
; EDA Netlist Writer   ; ALEX-LAPTOP      ; Windows 10 ; 10.0       ; x86_64         ;
; EDA Netlist Writer   ; ALEX-LAPTOP      ; Windows 10 ; 10.0       ; x86_64         ;
+----------------------+------------------+------------+------------+----------------+


------------
; Flow Log ;
------------
quartus_map --read_settings_files=on --write_settings_files=off rs -c rs
quartus_fit --read_settings_files=off --write_settings_files=off rs -c rs
quartus_asm --read_settings_files=off --write_settings_files=off rs -c rs
quartus_sta rs -c rs
quartus_eda --read_settings_files=off --write_settings_files=off rs -c rs
quartus_eda --gen_testbench --tool=modelsim_oem --format=vhdl --write_settings_files=off rs -c rs --vector_source=C:/Users/alexz/Documents/Quartus/lab3/Waveform6.vwf --testbench_file=C:/Users/alexz/Documents/Quartus/lab3/simulation/qsim/Waveform6.vwf.vht
quartus_eda --write_settings_files=off --simulation=on --functional=on --flatten_buses=off --tool=modelsim_oem --format=vhdl --output_directory=C:/Users/alexz/Documents/Quartus/lab3/simulation/qsim/ rs -c rs



