2024-10-17 15:27:32 [main] INFO  express.Main - main. startiing!
2024-10-17 15:27:32 [main] INFO  express.Main - starting creating methods from some class
2024-10-17 15:27:32 [main] INFO  express.Main - invoking getThree
2024-10-17 15:27:32 [main] INFO  express.Main - invoking getTwo
2024-10-17 18:53:24 [main] INFO  express.Main - main. startiing!
2024-10-17 18:53:24 [main] INFO  express.Main - starting creating methods from some class
2024-10-17 18:53:24 [main] INFO  express.Main - invoking getThree
2024-10-17 18:53:24 [main] INFO  express.Main - invoking getTwo
2024-10-17 18:53:24 [main] INFO  express.Main - finishing creating methods from some class
2024-10-17 19:00:57 [main] INFO  express.Main - main. startiing!
2024-10-17 19:00:57 [main] INFO  express.Main - starting creating methods from some class
2024-10-17 19:00:57 [main] INFO  express.Main - invoking method getTwo
2024-10-17 19:00:57 [main] INFO  express.Main - invoking method getThree
2024-10-17 19:00:57 [main] INFO  express.Main - finishing creating methods from some class
2024-10-17 19:12:54 [main] INFO  express.Main - main. startiing!
2024-10-17 19:12:54 [main] INFO  express.Main - starting creating methods from some class
2024-10-17 19:12:54 [main] INFO  express.Main - invoking method getThree
2024-10-17 19:12:54 [main] ERROR express.Main - java.lang.IllegalArgumentException: wrong number of arguments: 0 expected: 1
2024-10-17 19:12:54 [main] INFO  express.Main - finishing creating methods from some class
2024-10-17 19:13:13 [main] INFO  express.Main - main. startiing!
2024-10-17 19:13:13 [main] INFO  express.Main - starting creating methods from some class
2024-10-17 19:13:13 [main] INFO  express.Main - invoking method getTwo
2024-10-17 19:13:13 [main] ERROR express.Main - java.lang.IllegalArgumentException: wrong number of arguments: 0 expected: 1
2024-10-17 19:13:13 [main] INFO  express.Main - finishing creating methods from some class
2024-10-17 19:13:34 [main] INFO  express.Main - main. startiing!
2024-10-17 19:13:34 [main] INFO  express.Main - starting creating methods from some class
2024-10-17 19:19:36 [main] INFO  express.Main - main. startiing!
2024-10-17 19:19:36 [main] INFO  express.Main - starting creating methods from some class
2024-10-17 19:19:36 [main] INFO  express.Main - invoking method getThree
2024-10-17 19:19:36 [main] INFO  express.Main - invoking method getTwo
2024-10-17 19:19:36 [main] INFO  express.Main - finishing creating methods from some class
2024-10-17 19:20:21 [main] INFO  express.Main - main. startiing!
2024-10-17 19:20:21 [main] INFO  express.Main - starting creating methods from some class
2024-10-17 19:20:21 [main] INFO  express.Main - invoking method getTwo
2024-10-17 19:20:21 [main] INFO  express.Main - invoking method getThree
2024-10-17 19:20:21 [main] INFO  express.Main - finishing creating methods from some class
2024-10-17 19:21:11 [main] INFO  express.Main - main. startiing!
2024-10-17 19:21:11 [main] INFO  express.Main - starting creating methods from some class
2024-10-17 19:21:11 [main] INFO  express.Main - invoking method getTwo
2024-10-17 19:21:11 [main] INFO  express.Main - invoking method getThree
2024-10-17 19:21:11 [main] INFO  express.Main - finishing creating methods from some class
2024-10-17 19:22:22 [main] INFO  express.Main - main. startiing!
2024-10-17 19:22:22 [main] INFO  express.Main - starting creating methods from some class
2024-10-17 19:22:22 [main] INFO  express.Main - invoking method getTwo
2024-10-17 19:22:22 [main] INFO  express.Main - invoking method getThree
2024-10-17 19:22:22 [main] INFO  express.Main - finishing creating methods from some class
2024-10-17 19:24:57 [main] INFO  express.Main - main. startiing!
2024-10-17 19:24:57 [main] INFO  express.Main - starting creating methods from some class
2024-10-17 19:24:57 [main] INFO  express.Main - invoking method getThree
2024-10-17 19:24:57 [main] INFO  express.Main - invoking method getTwo
2024-10-17 19:24:57 [main] INFO  express.Main - finishing creating methods from some class
2024-10-17 19:26:47 [main] INFO  express.Main - main. startiing!
2024-10-17 19:26:47 [main] INFO  express.Main - starting creating methods from some class
2024-10-17 19:26:47 [main] INFO  express.Main - invoking method getThree
2024-10-17 19:26:47 [main] INFO  express.Main - invoking method getTwo
2024-10-17 19:26:47 [main] INFO  express.Main - finishing creating methods from some class
